<?xml version="1.0" encoding="UTF-8"?>
<!-- Generated by org.testng.reporters.JUnitReportReporter -->
<testsuite hostname="DESKTOP-U4N34CQ" failures="0" tests="3" name="com.Phase2Project3.TestPracticeSearch" time="0.014" errors="0" timestamp="2023-10-12T13:22:11 IST" skipped="0">
  <testcase classname="com.Phase2Project3.TestPracticeSearch" name="findpractice" time="0.011"/>
  <system-out/>
  <testcase classname="com.Phase2Project3.TestPracticeSearch" name="findpracticeEmptyInput" time="0.001"/>
  <system-out/>
  <testcase classname="com.Phase2Project3.TestPracticeSearch" name="findpracticeInvalidInput" time="0.002"/>
  <system-out/>
</testsuite> <!-- com.Phase2Project3.TestPracticeSearch -->
